INFO:2022-09-08 12:12:40,336:EPC Read: E2801191A50300620A270340 
 Read Count: [2, 0, 0, 0] 
INFO:2022-09-08 12:12:40,336:EPC Read: BCD500000555 
 Read Count: [2, 0, 0, 0] 
INFO:2022-09-08 12:12:40,336:EPC Read: A00000000093 
 Read Count: [2, 0, 0, 0] 
INFO:2022-09-08 12:12:40,336:EPC Read: BCD500000777 
 Read Count: [2, 0, 0, 0] 
INFO:2022-09-08 12:12:40,336:EPC Read: A00000000022 
 Read Count: [2, 0, 0, 0] 
INFO:2022-09-08 12:12:40,336:EPC Read: 300F4F573AD001804F24B01C 
 Read Count: [2, 0, 0, 0] 
INFO:2022-09-08 12:12:40,336:EPC Read: 35E0170109000000018EA80C 
 Read Count: [2, 0, 0, 0] 
INFO:2022-09-08 12:12:40,336:EPC Read: BCD00001 
 Read Count: [2, 0, 0, 0] 
INFO:2022-09-08 12:12:40,336:EPC Read: 300F4F573AD001804F24AFCF 
 Read Count: [2, 0, 0, 0] 
INFO:2022-09-08 12:12:40,336:EPC Read: A00000000013 
 Read Count: [1, 0, 0, 0] 
INFO:2022-09-08 12:12:40,336:EPC Read: A00000000027 
 Read Count: [2, 0, 0, 0] 
INFO:2022-09-08 12:12:40,336:EPC Read: 100000000010 
 Read Count: [2, 0, 0, 0] 
INFO:2022-09-08 12:12:40,336:EPC Read: A00000000035 
 Read Count: [2, 0, 0, 0] 
INFO:2022-09-08 12:12:40,336:EPC Read: A00000000035 
 Read Count: [2, 0, 0, 0] 
INFO:2022-09-08 15:48:31,310:EPC Read: E2801191A50300620A270340 
 Read Count: [2, 0, 0, 0] 
INFO:2022-09-08 15:48:31,311:EPC Read: E2801191A50300620A26F790 
 Read Count: [1, 0, 0, 0] 
INFO:2022-09-08 15:48:31,311:EPC Read: BCD500000777 
 Read Count: [2, 0, 0, 0] 
INFO:2022-09-08 15:48:31,312:EPC Read: 300F4F573AD001804F24B01C 
 Read Count: [1, 0, 0, 0] 
INFO:2022-09-08 15:48:31,312:EPC Read: 35E0170109000000018EA80C 
 Read Count: [2, 0, 0, 0] 
INFO:2022-09-08 15:48:31,313:EPC Read: BCD00001 
 Read Count: [2, 0, 0, 0] 
INFO:2022-09-08 15:48:31,313:EPC Read: 300F4F573AD001804F24AFCF 
 Read Count: [2, 0, 0, 0] 
INFO:2022-09-08 15:48:31,313:EPC Read: 300F4F573AD001804F24AFCF 
 Read Count: [2, 0, 0, 0] 
INFO:2022-09-08 16:18:19,428:EPC Read: F00012F8 
 Read Count: [1, 0, 0, 0] 
INFO:2022-09-08 16:18:19,429:EPC Read: A00000000024 
 Read Count: [2, 0, 0, 0] 
INFO:2022-09-08 16:18:19,429:EPC Read: 300F4F573AD001804F24AFCA 
 Read Count: [2, 0, 0, 0] 
INFO:2022-09-08 16:18:19,429:EPC Read: A00000000029 
 Read Count: [2, 0, 0, 0] 
INFO:2022-09-08 16:18:19,429:EPC Read: A00000000088 
 Read Count: [1, 0, 0, 0] 
INFO:2022-09-08 16:18:19,429:EPC Read: A00000000044 
 Read Count: [2, 0, 0, 0] 
INFO:2022-09-08 16:18:19,429:EPC Read: E20034120139F3000B10C3D6 
 Read Count: [1, 0, 0, 0] 
INFO:2022-09-08 16:18:19,429:EPC Read: E280116060000213E310F2BF 
 Read Count: [1, 0, 0, 0] 
INFO:2022-09-08 16:18:19,429:EPC Read: BCD500000555 
 Read Count: [2, 0, 0, 0] 
INFO:2022-09-08 16:18:19,430:EPC Read: A00000000093 
 Read Count: [2, 0, 0, 0] 
INFO:2022-09-08 16:18:19,430:EPC Read: BCD500000777 
 Read Count: [2, 0, 0, 0] 
INFO:2022-09-08 16:18:19,430:EPC Read: A00000000005 
 Read Count: [2, 0, 0, 0] 
INFO:2022-09-08 16:18:19,430:EPC Read: A00000000022 
 Read Count: [2, 0, 0, 0] 
INFO:2022-09-08 16:18:19,430:EPC Read: F0001327 
 Read Count: [1, 0, 0, 0] 
INFO:2022-09-08 16:18:19,430:EPC Read: A00000000067 
 Read Count: [2, 0, 0, 0] 
INFO:2022-09-08 16:18:19,430:EPC Read: 300F4F573AD001804F24B01C 
 Read Count: [1, 0, 0, 0] 
INFO:2022-09-08 16:18:19,430:EPC Read: 35E0170109000000018EA80C 
 Read Count: [2, 0, 0, 0] 
INFO:2022-09-08 16:18:19,430:EPC Read: A00000000083 
 Read Count: [2, 0, 0, 0] 
INFO:2022-09-08 16:18:19,430:EPC Read: A00000000036 
 Read Count: [1, 0, 0, 0] 
INFO:2022-09-08 16:18:19,430:EPC Read: A00000000002 
 Read Count: [2, 0, 0, 0] 
INFO:2022-09-08 16:18:19,430:EPC Read: A00000000090 
 Read Count: [2, 0, 0, 0] 
INFO:2022-09-08 16:18:19,431:EPC Read: A00000000077 
 Read Count: [2, 0, 0, 0] 
INFO:2022-09-08 16:18:19,431:EPC Read: BCD00001 
 Read Count: [2, 0, 0, 0] 
INFO:2022-09-08 16:18:19,431:EPC Read: A00000000003 
 Read Count: [1, 0, 0, 0] 
INFO:2022-09-08 16:18:19,431:EPC Read: 300F4F573AD001804F24AFCF 
 Read Count: [2, 0, 0, 0] 
INFO:2022-09-08 16:18:19,431:EPC Read: B10000000000000000000005 
 Read Count: [1, 0, 0, 0] 
INFO:2022-09-08 16:18:19,431:EPC Read: A00000000013 
 Read Count: [2, 0, 0, 0] 
INFO:2022-09-08 16:18:19,431:EPC Read: A00000000027 
 Read Count: [1, 0, 0, 0] 
INFO:2022-09-08 16:18:19,431:EPC Read: A00000000042 
 Read Count: [2, 0, 0, 0] 
INFO:2022-09-08 16:18:19,431:EPC Read: A00000000068 
 Read Count: [1, 0, 0, 0] 
INFO:2022-09-08 16:18:19,431:EPC Read: A00000000062 
 Read Count: [2, 0, 0, 0] 
INFO:2022-09-08 16:18:19,431:EPC Read: E2801191A50300620A2703D0 
 Read Count: [1, 0, 0, 0] 
INFO:2022-09-08 16:18:19,432:EPC Read: 300833B2DDD9014000000000 
 Read Count: [3, 0, 0, 0] 
INFO:2022-09-08 16:18:19,432:EPC Read: A00000000095 
 Read Count: [2, 0, 0, 0] 
INFO:2022-09-08 16:18:19,432:EPC Read: E2801191A50300620A276830 
 Read Count: [1, 0, 0, 0] 
INFO:2022-09-08 16:18:19,432:EPC Read: 393331393233363031393333 
 Read Count: [1, 0, 0, 0] 
INFO:2022-09-08 16:18:19,432:EPC Read: A00000000035 
 Read Count: [2, 0, 0, 0] 
INFO:2022-09-08 16:18:19,432:EPC Read: A00000000035 
 Read Count: [2, 0, 0, 0] 
INFO:2022-09-08 16:18:58,917:EPC Read: A00000000024 
 Read Count: [2, 0, 0, 0] 
INFO:2022-09-08 16:18:58,918:EPC Read: 300F4F573AD001804F24AFCA 
 Read Count: [2, 0, 0, 0] 
INFO:2022-09-08 16:18:58,918:EPC Read: A00000000029 
 Read Count: [2, 0, 0, 0] 
INFO:2022-09-08 16:18:58,919:EPC Read: A00000000088 
 Read Count: [2, 0, 0, 0] 
INFO:2022-09-08 16:18:58,919:EPC Read: A00000000044 
 Read Count: [2, 0, 0, 0] 
INFO:2022-09-08 16:18:58,919:EPC Read: BCD500000555 
 Read Count: [2, 0, 0, 0] 
INFO:2022-09-08 16:18:58,920:EPC Read: A00000000093 
 Read Count: [2, 0, 0, 0] 
INFO:2022-09-08 16:18:58,920:EPC Read: BCD500000777 
 Read Count: [2, 0, 0, 0] 
INFO:2022-09-08 16:18:58,920:EPC Read: A00000000005 
 Read Count: [2, 0, 0, 0] 
INFO:2022-09-08 16:18:58,920:EPC Read: A00000000022 
 Read Count: [2, 0, 0, 0] 
INFO:2022-09-08 16:18:58,920:EPC Read: E2801191A50300620A2768D0 
 Read Count: [1, 0, 0, 0] 
INFO:2022-09-08 16:18:58,920:EPC Read: F0001327 
 Read Count: [2, 0, 0, 0] 
INFO:2022-09-08 16:18:58,920:EPC Read: A00000000067 
 Read Count: [2, 0, 0, 0] 
INFO:2022-09-08 16:18:58,921:EPC Read: 300F4F573AD001804F24B01C 
 Read Count: [2, 0, 0, 0] 
INFO:2022-09-08 16:18:58,921:EPC Read: 35E0170109000000018EA80C 
 Read Count: [2, 0, 0, 0] 
INFO:2022-09-08 16:18:58,921:EPC Read: A00000000083 
 Read Count: [2, 0, 0, 0] 
INFO:2022-09-08 16:18:58,921:EPC Read: A00000000036 
 Read Count: [2, 0, 0, 0] 
INFO:2022-09-08 16:18:58,921:EPC Read: A00000000002 
 Read Count: [2, 0, 0, 0] 
INFO:2022-09-08 16:18:58,921:EPC Read: A00000000090 
 Read Count: [2, 0, 0, 0] 
INFO:2022-09-08 16:18:58,921:EPC Read: A00000000077 
 Read Count: [2, 0, 0, 0] 
INFO:2022-09-08 16:18:58,921:EPC Read: BCD00001 
 Read Count: [2, 0, 0, 0] 
INFO:2022-09-08 16:18:58,921:EPC Read: A00000000003 
 Read Count: [2, 0, 0, 0] 
INFO:2022-09-08 16:18:58,921:EPC Read: 300F4F573AD001804F24AFCF 
 Read Count: [2, 0, 0, 0] 
INFO:2022-09-08 16:18:58,921:EPC Read: B10000000000000000000005 
 Read Count: [1, 0, 0, 0] 
INFO:2022-09-08 16:18:58,921:EPC Read: A00000000013 
 Read Count: [2, 0, 0, 0] 
INFO:2022-09-08 16:18:58,922:EPC Read: A00000000027 
 Read Count: [1, 0, 0, 0] 
INFO:2022-09-08 16:18:58,922:EPC Read: A00000000025 
 Read Count: [1, 0, 0, 0] 
INFO:2022-09-08 16:18:58,922:EPC Read: A00000000042 
 Read Count: [2, 0, 0, 0] 
INFO:2022-09-08 16:18:58,922:EPC Read: A00000000068 
 Read Count: [2, 0, 0, 0] 
INFO:2022-09-08 16:18:58,922:EPC Read: A00000000062 
 Read Count: [2, 0, 0, 0] 
INFO:2022-09-08 16:18:58,922:EPC Read: E2801191A50300620A2703D0 
 Read Count: [1, 0, 0, 0] 
INFO:2022-09-08 16:18:58,922:EPC Read: 300833B2DDD9014000000000 
 Read Count: [2, 0, 0, 0] 
INFO:2022-09-08 16:18:58,922:EPC Read: A00000000095 
 Read Count: [2, 0, 0, 0] 
INFO:2022-09-08 16:18:58,922:EPC Read: E2801191A50300620A276830 
 Read Count: [2, 0, 0, 0] 
INFO:2022-09-08 16:18:58,922:EPC Read: 393331393233363031393333 
 Read Count: [1, 0, 0, 0] 
INFO:2022-09-08 16:18:58,922:EPC Read: E2801191A50300620A2703C0 
 Read Count: [1, 0, 0, 0] 
INFO:2022-09-08 16:18:58,923:EPC Read: A00000000035 
 Read Count: [2, 0, 0, 0] 
INFO:2022-09-08 16:18:58,923:EPC Read: A00000000035 
 Read Count: [2, 0, 0, 0] 
INFO:2022-09-08 16:19:30,324:EPC Read: A00000000024 
 Read Count: [2, 0, 0, 0] 
INFO:2022-09-08 16:19:30,325:EPC Read: 300F4F573AD001804F24AFCA 
 Read Count: [2, 0, 0, 0] 
INFO:2022-09-08 16:19:30,325:EPC Read: A00000000029 
 Read Count: [2, 0, 0, 0] 
INFO:2022-09-08 16:19:30,326:EPC Read: A00000000088 
 Read Count: [2, 0, 0, 0] 
INFO:2022-09-08 16:19:30,326:EPC Read: A00000000044 
 Read Count: [1, 0, 0, 0] 
INFO:2022-09-08 16:19:30,326:EPC Read: E2801191A50300620A270340 
 Read Count: [1, 0, 0, 0] 
INFO:2022-09-08 16:19:30,327:EPC Read: BCD500000555 
 Read Count: [2, 0, 0, 0] 
INFO:2022-09-08 16:19:30,327:EPC Read: A00000000093 
 Read Count: [2, 0, 0, 0] 
INFO:2022-09-08 16:19:30,328:EPC Read: BCD500000777 
 Read Count: [2, 0, 0, 0] 
INFO:2022-09-08 16:19:30,328:EPC Read: A00000000005 
 Read Count: [2, 0, 0, 0] 
INFO:2022-09-08 16:19:30,328:EPC Read: A00000000022 
 Read Count: [2, 0, 0, 0] 
INFO:2022-09-08 16:19:30,328:EPC Read: E2801191A50300620A2768D0 
 Read Count: [1, 0, 0, 0] 
INFO:2022-09-08 16:19:30,329:EPC Read: F0001327 
 Read Count: [1, 0, 0, 0] 
INFO:2022-09-08 16:19:30,329:EPC Read: A00000000067 
 Read Count: [2, 0, 0, 0] 
INFO:2022-09-08 16:19:30,329:EPC Read: 300F4F573AD001804F24B01C 
 Read Count: [2, 0, 0, 0] 
INFO:2022-09-08 16:19:30,329:EPC Read: 35E0170109000000018EA80C 
 Read Count: [2, 0, 0, 0] 
INFO:2022-09-08 16:19:30,329:EPC Read: A00000000083 
 Read Count: [2, 0, 0, 0] 
INFO:2022-09-08 16:19:30,329:EPC Read: A00000000036 
 Read Count: [2, 0, 0, 0] 
INFO:2022-09-08 16:19:30,329:EPC Read: A00000000002 
 Read Count: [2, 0, 0, 0] 
INFO:2022-09-08 16:19:30,329:EPC Read: A00000000090 
 Read Count: [2, 0, 0, 0] 
INFO:2022-09-08 16:19:30,329:EPC Read: A00000000077 
 Read Count: [2, 0, 0, 0] 
INFO:2022-09-08 16:19:30,330:EPC Read: BCD00001 
 Read Count: [2, 0, 0, 0] 
INFO:2022-09-08 16:19:30,330:EPC Read: A00000000003 
 Read Count: [1, 0, 0, 0] 
INFO:2022-09-08 16:19:30,330:EPC Read: 300F4F573AD001804F24AFCF 
 Read Count: [2, 0, 0, 0] 
INFO:2022-09-08 16:19:30,330:EPC Read: B10000000000000000000005 
 Read Count: [1, 0, 0, 0] 
INFO:2022-09-08 16:19:30,330:EPC Read: A00000000013 
 Read Count: [2, 0, 0, 0] 
INFO:2022-09-08 16:19:30,330:EPC Read: A00000000027 
 Read Count: [2, 0, 0, 0] 
INFO:2022-09-08 16:19:30,330:EPC Read: A00000000025 
 Read Count: [2, 0, 0, 0] 
INFO:2022-09-08 16:19:30,330:EPC Read: A00000000042 
 Read Count: [2, 0, 0, 0] 
INFO:2022-09-08 16:19:30,330:EPC Read: A00000000068 
 Read Count: [2, 0, 0, 0] 
INFO:2022-09-08 16:19:30,330:EPC Read: A00000000062 
 Read Count: [2, 0, 0, 0] 
INFO:2022-09-08 16:19:30,330:EPC Read: E2801191A50300620A2703D0 
 Read Count: [2, 0, 0, 0] 
INFO:2022-09-08 16:19:30,330:EPC Read: 300833B2DDD9014000000000 
 Read Count: [2, 0, 0, 0] 
INFO:2022-09-08 16:19:30,331:EPC Read: A00000000095 
 Read Count: [2, 0, 0, 0] 
INFO:2022-09-08 16:19:30,331:EPC Read: E2801191A50300620A276830 
 Read Count: [2, 0, 0, 0] 
INFO:2022-09-08 16:19:30,331:EPC Read: 393331393233363031393333 
 Read Count: [1, 0, 0, 0] 
INFO:2022-09-08 16:19:30,331:EPC Read: E2801191A50300620A2703C0 
 Read Count: [1, 0, 0, 0] 
INFO:2022-09-08 16:19:30,331:EPC Read: A00000000035 
 Read Count: [2, 0, 0, 0] 
INFO:2022-09-08 16:19:30,331:EPC Read: A00000000035 
 Read Count: [2, 0, 0, 0] 
INFO:2022-09-08 16:21:37,308:EPC Read: A00000000024 
 Read Count: [2, 0, 0, 0] 
INFO:2022-09-08 16:21:37,308:EPC Read: 300F4F573AD001804F24AFCA 
 Read Count: [2, 0, 0, 0] 
INFO:2022-09-08 16:21:37,308:EPC Read: A00000000029 
 Read Count: [2, 0, 0, 0] 
INFO:2022-09-08 16:21:37,308:EPC Read: A00000000088 
 Read Count: [2, 0, 0, 0] 
INFO:2022-09-08 16:21:37,308:EPC Read: A00000000044 
 Read Count: [2, 0, 0, 0] 
INFO:2022-09-08 16:21:37,309:EPC Read: E2801191A50300620A270340 
 Read Count: [1, 0, 0, 0] 
INFO:2022-09-08 16:21:37,309:EPC Read: E20034120139F3000B10C3D6 
 Read Count: [1, 0, 0, 0] 
INFO:2022-09-08 16:21:37,309:EPC Read: E280116060000213E310F2BF 
 Read Count: [1, 0, 0, 0] 
INFO:2022-09-08 16:21:37,309:EPC Read: BCD500000555 
 Read Count: [2, 0, 0, 0] 
INFO:2022-09-08 16:21:37,309:EPC Read: A00000000093 
 Read Count: [2, 0, 0, 0] 
INFO:2022-09-08 16:21:37,309:EPC Read: E2801191A50300620A26F790 
 Read Count: [1, 0, 0, 0] 
INFO:2022-09-08 16:21:37,309:EPC Read: BCD500000777 
 Read Count: [2, 0, 0, 0] 
INFO:2022-09-08 16:21:37,309:EPC Read: A00000000005 
 Read Count: [2, 0, 0, 0] 
INFO:2022-09-08 16:21:37,309:EPC Read: A00000000022 
 Read Count: [2, 0, 0, 0] 
INFO:2022-09-08 16:21:37,309:EPC Read: E2801191A50300620A2768D0 
 Read Count: [1, 0, 0, 0] 
INFO:2022-09-08 16:21:37,309:EPC Read: F0001327 
 Read Count: [1, 0, 0, 0] 
INFO:2022-09-08 16:21:37,309:EPC Read: A00000000067 
 Read Count: [2, 0, 0, 0] 
INFO:2022-09-08 16:21:37,309:EPC Read: 300F4F573AD001804F24B01C 
 Read Count: [2, 0, 0, 0] 
INFO:2022-09-08 16:21:37,309:EPC Read: 35E0170109000000018EA80C 
 Read Count: [2, 0, 0, 0] 
INFO:2022-09-08 16:21:37,309:EPC Read: A00000000083 
 Read Count: [2, 0, 0, 0] 
INFO:2022-09-08 16:21:37,309:EPC Read: A00000000036 
 Read Count: [2, 0, 0, 0] 
INFO:2022-09-08 16:21:37,309:EPC Read: A00000000002 
 Read Count: [2, 0, 0, 0] 
INFO:2022-09-08 16:21:37,309:EPC Read: A00000000090 
 Read Count: [2, 0, 0, 0] 
INFO:2022-09-08 16:21:37,309:EPC Read: A00000000077 
 Read Count: [2, 0, 0, 0] 
INFO:2022-09-08 16:21:37,309:EPC Read: BCD00001 
 Read Count: [2, 0, 0, 0] 
INFO:2022-09-08 16:21:37,309:EPC Read: A00000000003 
 Read Count: [2, 0, 0, 0] 
INFO:2022-09-08 16:21:37,309:EPC Read: 300F4F573AD001804F24AFCF 
 Read Count: [2, 0, 0, 0] 
INFO:2022-09-08 16:21:37,309:EPC Read: B10000000000000000000005 
 Read Count: [1, 0, 0, 0] 
INFO:2022-09-08 16:21:37,309:EPC Read: A00000000013 
 Read Count: [2, 0, 0, 0] 
INFO:2022-09-08 16:21:37,309:EPC Read: A00000000027 
 Read Count: [2, 0, 0, 0] 
INFO:2022-09-08 16:21:37,309:EPC Read: A00000000025 
 Read Count: [1, 0, 0, 0] 
INFO:2022-09-08 16:21:37,309:EPC Read: A00000000042 
 Read Count: [2, 0, 0, 0] 
INFO:2022-09-08 16:21:37,309:EPC Read: A00000000068 
 Read Count: [2, 0, 0, 0] 
INFO:2022-09-08 16:21:37,309:EPC Read: A00000000062 
 Read Count: [2, 0, 0, 0] 
INFO:2022-09-08 16:21:37,309:EPC Read: E2801191A50300620A2703D0 
 Read Count: [1, 0, 0, 0] 
INFO:2022-09-08 16:21:37,309:EPC Read: 300833B2DDD9014000000000 
 Read Count: [2, 0, 0, 0] 
INFO:2022-09-08 16:21:37,309:EPC Read: A00000000095 
 Read Count: [2, 0, 0, 0] 
INFO:2022-09-08 16:21:37,310:EPC Read: E2801191A50300620A276830 
 Read Count: [2, 0, 0, 0] 
INFO:2022-09-08 16:21:37,310:EPC Read: 393331393233363031393333 
 Read Count: [1, 0, 0, 0] 
INFO:2022-09-08 16:21:37,310:EPC Read: 100000000010 
 Read Count: [2, 0, 0, 0] 
INFO:2022-09-08 16:21:37,310:EPC Read: A00000000035 
 Read Count: [2, 0, 0, 0] 
INFO:2022-09-08 16:21:37,310:EPC Read: A00000000035 
 Read Count: [2, 0, 0, 0] 
